feedback.html     http://outreach.vlabs.ac.in/
index.html     http://outreach.vlabs.ac.in/
performance-report.html     http://vlab.co.in
posttest.html     http://outreach.vlabs.ac.in/
pretest.html     http://outreach.vlabs.ac.in/
procedure.html     http://outreach.vlabs.ac.in/
references.html     http://ffden-2.phys.uaf.edu/212_fall2003.web.dir/ryan_mcallister/slide3.htm
references.html     http://www.youtube.com/watch?v=XMfYHag7Liw
references.html     http://www.youtube.com/watch?v=2HhaQtvICe8
references.html     http://www.youtube.com/watch?v=IueC-weQHS8&feature=related
references.html     http://www.youtube.com/watch?v=3yzcqGjALxQ
references.html     http://outreach.vlabs.ac.in/
theory.html     http://outreach.vlabs.ac.in/
validator-report.html     http://vlab.co.in
simulation/default.html     http://en.wikipedia.org/wiki/
                Simple_harmonic_motion
simulation/default.html     http://www.physics.uoguelph.ca/
                tutorials/shm/Q.shm.html
simulation/default.html     http://surendranath.tripod.com/Applets/
                Oscillations/SHM/SHMApplet.html
